{
  "RSpec": {
    "coverage": {
      "/Users/oki/Documents/Projects/szklane_niebo/app/controllers/admin/sessions_controller.rb": {
        "lines": [
          1,
          1,
          null,
          null,
          1,
          7,
          4,
          4,
          null,
          3,
          3,
          null,
          null,
          null
        ]
      },
      "/Users/oki/Documents/Projects/szklane_niebo/app/controllers/application_controller.rb": {
        "lines": [
          1,
          1,
          null,
          1,
          null,
          1,
          13,
          0,
          null,
          null,
          null,
          1,
          13,
          null,
          null
        ]
      },
      "/Users/oki/Documents/Projects/szklane_niebo/app/models/author.rb": {
        "lines": [
          1,
          1,
          1,
          null
        ]
      },
      "/Users/oki/Documents/Projects/szklane_niebo/app/models/application_record.rb": {
        "lines": [
          1,
          1,
          null
        ]
      },
      "/Users/oki/Documents/Projects/szklane_niebo/app/models/category.rb": {
        "lines": [
          1,
          1,
          1,
          null
        ]
      },
      "/Users/oki/Documents/Projects/szklane_niebo/app/models/photo.rb": {
        "lines": [
          1,
          1,
          1,
          null
        ]
      },
      "/Users/oki/Documents/Projects/szklane_niebo/app/controllers/admin/dashboard_controller.rb": {
        "lines": [
          1,
          1,
          null,
          1,
          10,
          10,
          null,
          null,
          1,
          1,
          1,
          0,
          null,
          0,
          null,
          0,
          null,
          null,
          1,
          0,
          0,
          0,
          null,
          0,
          null,
          0,
          null,
          null,
          1,
          1,
          1,
          1,
          null,
          0,
          null,
          1,
          null,
          null,
          1,
          1,
          1,
          1,
          3,
          null,
          1,
          null,
          0,
          null,
          1,
          null,
          null,
          1,
          null,
          1,
          1,
          null,
          null,
          1,
          1,
          null,
          null
        ]
      },
      "/Users/oki/Documents/Projects/szklane_niebo/app/controllers/index_controller.rb": {
        "lines": [
          1,
          1,
          4,
          4,
          null,
          null,
          1,
          null,
          null
        ]
      },
      "/Users/oki/Documents/Projects/szklane_niebo/app/channels/application_cable/channel.rb": {
        "lines": [
          0,
          0,
          0,
          0
        ],
        "branches": {
        }
      },
      "/Users/oki/Documents/Projects/szklane_niebo/app/channels/application_cable/connection.rb": {
        "lines": [
          0,
          0,
          0,
          0
        ],
        "branches": {
        }
      },
      "/Users/oki/Documents/Projects/szklane_niebo/app/helpers/admin/dashboard_helper.rb": {
        "lines": [
          0,
          0
        ],
        "branches": {
        }
      },
      "/Users/oki/Documents/Projects/szklane_niebo/app/helpers/admin/sessions_helper.rb": {
        "lines": [
          0,
          0
        ],
        "branches": {
        }
      },
      "/Users/oki/Documents/Projects/szklane_niebo/app/helpers/application_helper.rb": {
        "lines": [
          0,
          0
        ],
        "branches": {
        }
      },
      "/Users/oki/Documents/Projects/szklane_niebo/app/jobs/application_job.rb": {
        "lines": [
          0,
          null,
          null,
          null,
          null,
          null,
          0
        ],
        "branches": {
        }
      },
      "/Users/oki/Documents/Projects/szklane_niebo/app/mailers/application_mailer.rb": {
        "lines": [
          0,
          0,
          0,
          0
        ],
        "branches": {
        }
      }
    },
    "timestamp": 1720037521
  }
}
